# JRE version: OpenJDK Runtime Environment (8.0_191-b12) (build 1.8.0_191-8u191-b12-0ubuntu0.16.04.1-b12)
# Java VM: OpenJDK 64-Bit Server VM (25.191-b12 mixed mode linux-amd64 compressed oops)
Heap:
 PSYoungGen      total 446464K, used 0K [0x00000000d7200000, 0x0000000100000000, 0x0000000100000000)
  eden space 223232K, 0% used [0x00000000d7200000,0x00000000d7200000,0x00000000e4c00000)
  from space 223232K, 0% used [0x00000000f2600000,0x00000000f2600000,0x0000000100000000)
  to   space 223232K, 0% used [0x00000000e4c00000,0x00000000e4c00000,0x00000000f2600000)
 ParOldGen       total 1024000K, used 986379K [0x0000000085600000, 0x00000000c3e00000, 0x00000000d7200000)
  object space 1024000K, 96% used [0x0000000085600000,0x00000000c1942c40,0x00000000c3e00000)
 Metaspace       used 6062K, capacity 6250K, committed 6400K, reserved 1056768K
  class space    used 683K, capacity 765K, committed 768K, reserved 1048576K
GC Heap History (10 events):
Event: 6,264 GC heap after
Heap after GC invocations=19 (full 4):
 PSYoungGen      total 446464K, used 68672K [0x00000000d7200000, 0x0000000100000000, 0x0000000100000000)
  eden space 223232K, 0% used [0x00000000d7200000,0x00000000d7200000,0x00000000e4c00000)
  from space 223232K, 30% used [0x00000000e4c00000,0x00000000e8f10000,0x00000000f2600000)
  to   space 223232K, 0% used [0x00000000f2600000,0x00000000f2600000,0x0000000100000000)
 ParOldGen       total 711680K, used 710455K [0x0000000085600000, 0x00000000b0d00000, 0x00000000d7200000)
  object space 711680K, 99% used [0x0000000085600000,0x00000000b0bcde00,0x00000000b0d00000)
 Metaspace       used 6062K, capacity 6250K, committed 6400K, reserved 1056768K
  class space    used 683K, capacity 765K, committed 768K, reserved 1048576K
}
Event: 6,264 GC heap before
{Heap before GC invocations=20 (full 5):
 PSYoungGen      total 446464K, used 68672K [0x00000000d7200000, 0x0000000100000000, 0x0000000100000000)
  eden space 223232K, 0% used [0x00000000d7200000,0x00000000d7200000,0x00000000e4c00000)
  from space 223232K, 30% used [0x00000000e4c00000,0x00000000e8f10000,0x00000000f2600000)
  to   space 223232K, 0% used [0x00000000f2600000,0x00000000f2600000,0x0000000100000000)
 ParOldGen       total 711680K, used 710455K [0x0000000085600000, 0x00000000b0d00000, 0x00000000d7200000)
  object space 711680K, 99% used [0x0000000085600000,0x00000000b0bcde00,0x00000000b0d00000)
 Metaspace       used 6062K, capacity 6250K, committed 6400K, reserved 1056768K
  class space    used 683K, capacity 765K, committed 768K, reserved 1048576K
Event: 7,818 GC heap after
Heap after GC invocations=20 (full 5):
 PSYoungGen      total 446464K, used 66470K [0x00000000d7200000, 0x0000000100000000, 0x0000000100000000)
  eden space 223232K, 0% used [0x00000000d7200000,0x00000000d7200000,0x00000000e4c00000)
  from space 223232K, 29% used [0x00000000e4c00000,0x00000000e8ce9860,0x00000000f2600000)
  to   space 223232K, 0% used [0x00000000f2600000,0x00000000f2600000,0x0000000100000000)
 ParOldGen       total 1024000K, used 711176K [0x0000000085600000, 0x00000000c3e00000, 0x00000000d7200000)
  object space 1024000K, 69% used [0x0000000085600000,0x00000000b0c820c8,0x00000000c3e00000)
 Metaspace       used 6062K, capacity 6250K, committed 6400K, reserved 1056768K
  class space    used 683K, capacity 765K, committed 768K, reserved 1048576K
}
Event: 8,028 GC heap before
{Heap before GC invocations=21 (full 5):
 PSYoungGen      total 446464K, used 289702K [0x00000000d7200000, 0x0000000100000000, 0x0000000100000000)
  eden space 223232K, 100% used [0x00000000d7200000,0x00000000e4c00000,0x00000000e4c00000)
  from space 223232K, 29% used [0x00000000e4c00000,0x00000000e8ce9860,0x00000000f2600000)
  to   space 223232K, 0% used [0x00000000f2600000,0x00000000f2600000,0x0000000100000000)
 ParOldGen       total 1024000K, used 711176K [0x0000000085600000, 0x00000000c3e00000, 0x00000000d7200000)
  object space 1024000K, 69% used [0x0000000085600000,0x00000000b0c820c8,0x00000000c3e00000)
 Metaspace       used 6062K, capacity 6250K, committed 6400K, reserved 1056768K
  class space    used 683K, capacity 765K, committed 768K, reserved 1048576K
Event: 8,208 GC heap after
Heap after GC invocations=21 (full 5):
 PSYoungGen      total 446464K, used 80032K [0x00000000d7200000, 0x0000000100000000, 0x0000000100000000)
  eden space 223232K, 0% used [0x00000000d7200000,0x00000000d7200000,0x00000000e4c00000)
  from space 223232K, 35% used [0x00000000f2600000,0x00000000f7428020,0x0000000100000000)
  to   space 223232K, 0% used [0x00000000e4c00000,0x00000000e4c00000,0x00000000f2600000)
 ParOldGen       total 1024000K, used 778040K [0x0000000085600000, 0x00000000c3e00000, 0x00000000d7200000)
  object space 1024000K, 75% used [0x0000000085600000,0x00000000b4dce0c8,0x00000000c3e00000)
 Metaspace       used 6062K, capacity 6250K, committed 6400K, reserved 1056768K
  class space    used 683K, capacity 765K, committed 768K, reserved 1048576K
}
Event: 8,389 GC heap before
{Heap before GC invocations=22 (full 5):
 PSYoungGen      total 446464K, used 303264K [0x00000000d7200000, 0x0000000100000000, 0x0000000100000000)
  eden space 223232K, 100% used [0x00000000d7200000,0x00000000e4c00000,0x00000000e4c00000)
  from space 223232K, 35% used [0x00000000f2600000,0x00000000f7428020,0x0000000100000000)
  to   space 223232K, 0% used [0x00000000e4c00000,0x00000000e4c00000,0x00000000f2600000)
 ParOldGen       total 1024000K, used 778040K [0x0000000085600000, 0x00000000c3e00000, 0x00000000d7200000)
  object space 1024000K, 75% used [0x0000000085600000,0x00000000b4dce0c8,0x00000000c3e00000)
 Metaspace       used 6062K, capacity 6250K, committed 6400K, reserved 1056768K
  class space    used 683K, capacity 765K, committed 768K, reserved 1048576K
Event: 8,501 GC heap after
Heap after GC invocations=22 (full 5):
 PSYoungGen      total 446464K, used 68672K [0x00000000d7200000, 0x0000000100000000, 0x0000000100000000)
  eden space 223232K, 0% used [0x00000000d7200000,0x00000000d7200000,0x00000000e4c00000)
  from space 223232K, 30% used [0x00000000e4c00000,0x00000000e8f10000,0x00000000f2600000)
  to   space 223232K, 0% used [0x00000000f2600000,0x00000000f2600000,0x0000000100000000)
 ParOldGen       total 1024000K, used 858304K [0x0000000085600000, 0x00000000c3e00000, 0x00000000d7200000)
  object space 1024000K, 83% used [0x0000000085600000,0x00000000b9c300e8,0x00000000c3e00000)
 Metaspace       used 6062K, capacity 6250K, committed 6400K, reserved 1056768K
  class space    used 683K, capacity 765K, committed 768K, reserved 1048576K
}
Event: 8,686 GC heap before
{Heap before GC invocations=23 (full 5):
 PSYoungGen      total 446464K, used 291904K [0x00000000d7200000, 0x0000000100000000, 0x0000000100000000)
  eden space 223232K, 100% used [0x00000000d7200000,0x00000000e4c00000,0x00000000e4c00000)
  from space 223232K, 30% used [0x00000000e4c00000,0x00000000e8f10000,0x00000000f2600000)
  to   space 223232K, 0% used [0x00000000f2600000,0x00000000f2600000,0x0000000100000000)
 ParOldGen       total 1024000K, used 858304K [0x0000000085600000, 0x00000000c3e00000, 0x00000000d7200000)
  object space 1024000K, 83% used [0x0000000085600000,0x00000000b9c300e8,0x00000000c3e00000)
 Metaspace       used 6062K, capacity 6250K, committed 6400K, reserved 1056768K
  class space    used 683K, capacity 765K, committed 768K, reserved 1048576K
Event: 8,794 GC heap after
Heap after GC invocations=23 (full 5):
 PSYoungGen      total 446464K, used 68736K [0x00000000d7200000, 0x0000000100000000, 0x0000000100000000)
  eden space 223232K, 0% used [0x00000000d7200000,0x00000000d7200000,0x00000000e4c00000)
  from space 223232K, 30% used [0x00000000f2600000,0x00000000f6920000,0x0000000100000000)
  to   space 223232K, 0% used [0x00000000e4c00000,0x00000000e4c00000,0x00000000f2600000)
 ParOldGen       total 1024000K, used 927232K [0x0000000085600000, 0x00000000c3e00000, 0x00000000d7200000)
  object space 1024000K, 90% used [0x0000000085600000,0x00000000bdf800e8,0x00000000c3e00000)
 Metaspace       used 6062K, capacity 6250K, committed 6400K, reserved 1056768K
  class space    used 683K, capacity 765K, committed 768K, reserved 1048576K
}
Event: 8,794 GC heap before
{Heap before GC invocations=24 (full 6):
 PSYoungGen      total 446464K, used 68736K [0x00000000d7200000, 0x0000000100000000, 0x0000000100000000)
  eden space 223232K, 0% used [0x00000000d7200000,0x00000000d7200000,0x00000000e4c00000)
  from space 223232K, 30% used [0x00000000f2600000,0x00000000f6920000,0x0000000100000000)
  to   space 223232K, 0% used [0x00000000e4c00000,0x00000000e4c00000,0x00000000f2600000)
 ParOldGen       total 1024000K, used 927232K [0x0000000085600000, 0x00000000c3e00000, 0x00000000d7200000)
  object space 1024000K, 90% used [0x0000000085600000,0x00000000bdf800e8,0x00000000c3e00000)
 Metaspace       used 6062K, capacity 6250K, committed 6400K, reserved 1056768K
  class space    used 683K, capacity 765K, committed 768K, reserved 1048576K

