# JRE version: OpenJDK Runtime Environment (8.0_191-b12) (build 1.8.0_191-8u191-b12-0ubuntu0.16.04.1-b12)
# Java VM: OpenJDK 64-Bit Server VM (25.191-b12 mixed mode linux-amd64 compressed oops)
Heap:
 PSYoungGen      total 446464K, used 0K [0x00000000d7200000, 0x0000000100000000, 0x0000000100000000)
  eden space 223232K, 0% used [0x00000000d7200000,0x00000000d7200000,0x00000000e4c00000)
  from space 223232K, 0% used [0x00000000f2600000,0x00000000f2600000,0x0000000100000000)
  to   space 223232K, 0% used [0x00000000e4c00000,0x00000000e4c00000,0x00000000f2600000)
 ParOldGen       total 1020416K, used 989481K [0x0000000085600000, 0x00000000c3a80000, 0x00000000d7200000)
  object space 1020416K, 96% used [0x0000000085600000,0x00000000c1c4a5f0,0x00000000c3a80000)
 Metaspace       used 5212K, capacity 5334K, committed 5504K, reserved 1056768K
  class space    used 587K, capacity 629K, committed 640K, reserved 1048576K
GC Heap History (10 events):
Event: 6,361 GC heap after
Heap after GC invocations=19 (full 4):
 PSYoungGen      total 446464K, used 68704K [0x00000000d7200000, 0x0000000100000000, 0x0000000100000000)
  eden space 223232K, 0% used [0x00000000d7200000,0x00000000d7200000,0x00000000e4c00000)
  from space 223232K, 30% used [0x00000000e4c00000,0x00000000e8f18000,0x00000000f2600000)
  to   space 223232K, 0% used [0x00000000f2600000,0x00000000f2600000,0x0000000100000000)
 ParOldGen       total 714752K, used 713617K [0x0000000085600000, 0x00000000b1000000, 0x00000000d7200000)
  object space 714752K, 99% used [0x0000000085600000,0x00000000b0ee4538,0x00000000b1000000)
 Metaspace       used 5212K, capacity 5334K, committed 5504K, reserved 1056768K
  class space    used 587K, capacity 629K, committed 640K, reserved 1048576K
}
Event: 6,361 GC heap before
{Heap before GC invocations=20 (full 5):
 PSYoungGen      total 446464K, used 68704K [0x00000000d7200000, 0x0000000100000000, 0x0000000100000000)
  eden space 223232K, 0% used [0x00000000d7200000,0x00000000d7200000,0x00000000e4c00000)
  from space 223232K, 30% used [0x00000000e4c00000,0x00000000e8f18000,0x00000000f2600000)
  to   space 223232K, 0% used [0x00000000f2600000,0x00000000f2600000,0x0000000100000000)
 ParOldGen       total 714752K, used 713617K [0x0000000085600000, 0x00000000b1000000, 0x00000000d7200000)
  object space 714752K, 99% used [0x0000000085600000,0x00000000b0ee4538,0x00000000b1000000)
 Metaspace       used 5212K, capacity 5334K, committed 5504K, reserved 1056768K
  class space    used 587K, capacity 629K, committed 640K, reserved 1048576K
Event: 7,793 GC heap after
Heap after GC invocations=20 (full 5):
 PSYoungGen      total 446464K, used 66484K [0x00000000d7200000, 0x0000000100000000, 0x0000000100000000)
  eden space 223232K, 0% used [0x00000000d7200000,0x00000000d7200000,0x00000000e4c00000)
  from space 223232K, 29% used [0x00000000e4c00000,0x00000000e8ced2e0,0x00000000f2600000)
  to   space 223232K, 0% used [0x00000000f2600000,0x00000000f2600000,0x0000000100000000)
 ParOldGen       total 1020416K, used 714276K [0x0000000085600000, 0x00000000c3a80000, 0x00000000d7200000)
  object space 1020416K, 69% used [0x0000000085600000,0x00000000b0f891e8,0x00000000c3a80000)
 Metaspace       used 5212K, capacity 5334K, committed 5504K, reserved 1056768K
  class space    used 587K, capacity 629K, committed 640K, reserved 1048576K
}
Event: 8,002 GC heap before
{Heap before GC invocations=21 (full 5):
 PSYoungGen      total 446464K, used 289716K [0x00000000d7200000, 0x0000000100000000, 0x0000000100000000)
  eden space 223232K, 100% used [0x00000000d7200000,0x00000000e4c00000,0x00000000e4c00000)
  from space 223232K, 29% used [0x00000000e4c00000,0x00000000e8ced2e0,0x00000000f2600000)
  to   space 223232K, 0% used [0x00000000f2600000,0x00000000f2600000,0x0000000100000000)
 ParOldGen       total 1020416K, used 714276K [0x0000000085600000, 0x00000000c3a80000, 0x00000000d7200000)
  object space 1020416K, 69% used [0x0000000085600000,0x00000000b0f891e8,0x00000000c3a80000)
 Metaspace       used 5212K, capacity 5334K, committed 5504K, reserved 1056768K
  class space    used 587K, capacity 629K, committed 640K, reserved 1048576K
Event: 8,216 GC heap after
Heap after GC invocations=21 (full 5):
 PSYoungGen      total 446464K, used 80032K [0x00000000d7200000, 0x0000000100000000, 0x0000000100000000)
  eden space 223232K, 0% used [0x00000000d7200000,0x00000000d7200000,0x00000000e4c00000)
  from space 223232K, 35% used [0x00000000f2600000,0x00000000f7428020,0x0000000100000000)
  to   space 223232K, 0% used [0x00000000e4c00000,0x00000000e4c00000,0x00000000f2600000)
 ParOldGen       total 1020416K, used 781164K [0x0000000085600000, 0x00000000c3a80000, 0x00000000d7200000)
  object space 1020416K, 76% used [0x0000000085600000,0x00000000b50db1e8,0x00000000c3a80000)
 Metaspace       used 5212K, capacity 5334K, committed 5504K, reserved 1056768K
  class space    used 587K, capacity 629K, committed 640K, reserved 1048576K
}
Event: 8,399 GC heap before
{Heap before GC invocations=22 (full 5):
 PSYoungGen      total 446464K, used 303264K [0x00000000d7200000, 0x0000000100000000, 0x0000000100000000)
  eden space 223232K, 100% used [0x00000000d7200000,0x00000000e4c00000,0x00000000e4c00000)
  from space 223232K, 35% used [0x00000000f2600000,0x00000000f7428020,0x0000000100000000)
  to   space 223232K, 0% used [0x00000000e4c00000,0x00000000e4c00000,0x00000000f2600000)
 ParOldGen       total 1020416K, used 781164K [0x0000000085600000, 0x00000000c3a80000, 0x00000000d7200000)
  object space 1020416K, 76% used [0x0000000085600000,0x00000000b50db1e8,0x00000000c3a80000)
 Metaspace       used 5212K, capacity 5334K, committed 5504K, reserved 1056768K
  class space    used 587K, capacity 629K, committed 640K, reserved 1048576K
Event: 8,537 GC heap after
Heap after GC invocations=22 (full 5):
 PSYoungGen      total 446464K, used 68704K [0x00000000d7200000, 0x0000000100000000, 0x0000000100000000)
  eden space 223232K, 0% used [0x00000000d7200000,0x00000000d7200000,0x00000000e4c00000)
  from space 223232K, 30% used [0x00000000e4c00000,0x00000000e8f18000,0x00000000f2600000)
  to   space 223232K, 0% used [0x00000000f2600000,0x00000000f2600000,0x0000000100000000)
 ParOldGen       total 1020416K, used 861428K [0x0000000085600000, 0x00000000c3a80000, 0x00000000d7200000)
  object space 1020416K, 84% used [0x0000000085600000,0x00000000b9f3d208,0x00000000c3a80000)
 Metaspace       used 5212K, capacity 5334K, committed 5504K, reserved 1056768K
  class space    used 587K, capacity 629K, committed 640K, reserved 1048576K
}
Event: 8,719 GC heap before
{Heap before GC invocations=23 (full 5):
 PSYoungGen      total 446464K, used 291936K [0x00000000d7200000, 0x0000000100000000, 0x0000000100000000)
  eden space 223232K, 100% used [0x00000000d7200000,0x00000000e4c00000,0x00000000e4c00000)
  from space 223232K, 30% used [0x00000000e4c00000,0x00000000e8f18000,0x00000000f2600000)
  to   space 223232K, 0% used [0x00000000f2600000,0x00000000f2600000,0x0000000100000000)
 ParOldGen       total 1020416K, used 861428K [0x0000000085600000, 0x00000000c3a80000, 0x00000000d7200000)
  object space 1020416K, 84% used [0x0000000085600000,0x00000000b9f3d208,0x00000000c3a80000)
 Metaspace       used 5212K, capacity 5334K, committed 5504K, reserved 1056768K
  class space    used 587K, capacity 629K, committed 640K, reserved 1048576K
Event: 8,848 GC heap after
Heap after GC invocations=23 (full 5):
 PSYoungGen      total 446464K, used 68704K [0x00000000d7200000, 0x0000000100000000, 0x0000000100000000)
  eden space 223232K, 0% used [0x00000000d7200000,0x00000000d7200000,0x00000000e4c00000)
  from space 223232K, 30% used [0x00000000f2600000,0x00000000f6918000,0x0000000100000000)
  to   space 223232K, 0% used [0x00000000e4c00000,0x00000000e4c00000,0x00000000f2600000)
 ParOldGen       total 1020416K, used 930356K [0x0000000085600000, 0x00000000c3a80000, 0x00000000d7200000)
  object space 1020416K, 91% used [0x0000000085600000,0x00000000be28d208,0x00000000c3a80000)
 Metaspace       used 5212K, capacity 5334K, committed 5504K, reserved 1056768K
  class space    used 587K, capacity 629K, committed 640K, reserved 1048576K
}
Event: 8,848 GC heap before
{Heap before GC invocations=24 (full 6):
 PSYoungGen      total 446464K, used 68704K [0x00000000d7200000, 0x0000000100000000, 0x0000000100000000)
  eden space 223232K, 0% used [0x00000000d7200000,0x00000000d7200000,0x00000000e4c00000)
  from space 223232K, 30% used [0x00000000f2600000,0x00000000f6918000,0x0000000100000000)
  to   space 223232K, 0% used [0x00000000e4c00000,0x00000000e4c00000,0x00000000f2600000)
 ParOldGen       total 1020416K, used 930356K [0x0000000085600000, 0x00000000c3a80000, 0x00000000d7200000)
  object space 1020416K, 91% used [0x0000000085600000,0x00000000be28d208,0x00000000c3a80000)
 Metaspace       used 5212K, capacity 5334K, committed 5504K, reserved 1056768K
  class space    used 587K, capacity 629K, committed 640K, reserved 1048576K

