# JRE version: OpenJDK Runtime Environment (8.0_191-b12) (build 1.8.0_191-8u191-b12-0ubuntu0.16.04.1-b12)
# Java VM: OpenJDK 64-Bit Server VM (25.191-b12 mixed mode linux-amd64 compressed oops)
Heap:
 PSYoungGen      total 446464K, used 0K [0x00000000d7200000, 0x0000000100000000, 0x0000000100000000)
  eden space 223232K, 0% used [0x00000000d7200000,0x00000000d7200000,0x00000000e4c00000)
  from space 223232K, 0% used [0x00000000f2600000,0x00000000f2600000,0x0000000100000000)
  to   space 223232K, 0% used [0x00000000e4c00000,0x00000000e4c00000,0x00000000f2600000)
 ParOldGen       total 1032192K, used 996291K [0x0000000085600000, 0x00000000c4600000, 0x00000000d7200000)
  object space 1032192K, 96% used [0x0000000085600000,0x00000000c22f0fa8,0x00000000c4600000)
 Metaspace       used 5212K, capacity 5334K, committed 5504K, reserved 1056768K
  class space    used 586K, capacity 629K, committed 640K, reserved 1048576K
GC Heap History (10 events):
Event: 6,362 GC heap after
Heap after GC invocations=19 (full 4):
 PSYoungGen      total 446464K, used 68672K [0x00000000d7200000, 0x0000000100000000, 0x0000000100000000)
  eden space 223232K, 0% used [0x00000000d7200000,0x00000000d7200000,0x00000000e4c00000)
  from space 223232K, 30% used [0x00000000e4c00000,0x00000000e8f10000,0x00000000f2600000)
  to   space 223232K, 0% used [0x00000000f2600000,0x00000000f2600000,0x0000000100000000)
 ParOldGen       total 721408K, used 720435K [0x0000000085600000, 0x00000000b1680000, 0x00000000d7200000)
  object space 721408K, 99% used [0x0000000085600000,0x00000000b158cd38,0x00000000b1680000)
 Metaspace       used 5212K, capacity 5334K, committed 5504K, reserved 1056768K
  class space    used 586K, capacity 629K, committed 640K, reserved 1048576K
}
Event: 6,362 GC heap before
{Heap before GC invocations=20 (full 5):
 PSYoungGen      total 446464K, used 68672K [0x00000000d7200000, 0x0000000100000000, 0x0000000100000000)
  eden space 223232K, 0% used [0x00000000d7200000,0x00000000d7200000,0x00000000e4c00000)
  from space 223232K, 30% used [0x00000000e4c00000,0x00000000e8f10000,0x00000000f2600000)
  to   space 223232K, 0% used [0x00000000f2600000,0x00000000f2600000,0x0000000100000000)
 ParOldGen       total 721408K, used 720435K [0x0000000085600000, 0x00000000b1680000, 0x00000000d7200000)
  object space 721408K, 99% used [0x0000000085600000,0x00000000b158cd38,0x00000000b1680000)
 Metaspace       used 5212K, capacity 5334K, committed 5504K, reserved 1056768K
  class space    used 586K, capacity 629K, committed 640K, reserved 1048576K
Event: 8,026 GC heap after
Heap after GC invocations=20 (full 5):
 PSYoungGen      total 446464K, used 66483K [0x00000000d7200000, 0x0000000100000000, 0x0000000100000000)
  eden space 223232K, 0% used [0x00000000d7200000,0x00000000d7200000,0x00000000e4c00000)
  from space 223232K, 29% used [0x00000000e4c00000,0x00000000e8cecfc0,0x00000000f2600000)
  to   space 223232K, 0% used [0x00000000f2600000,0x00000000f2600000,0x0000000100000000)
 ParOldGen       total 1032192K, used 721083K [0x0000000085600000, 0x00000000c4600000, 0x00000000d7200000)
  object space 1032192K, 69% used [0x0000000085600000,0x00000000b162edc0,0x00000000c4600000)
 Metaspace       used 5212K, capacity 5334K, committed 5504K, reserved 1056768K
  class space    used 586K, capacity 629K, committed 640K, reserved 1048576K
}
Event: 8,236 GC heap before
{Heap before GC invocations=21 (full 5):
 PSYoungGen      total 446464K, used 289715K [0x00000000d7200000, 0x0000000100000000, 0x0000000100000000)
  eden space 223232K, 100% used [0x00000000d7200000,0x00000000e4c00000,0x00000000e4c00000)
  from space 223232K, 29% used [0x00000000e4c00000,0x00000000e8cecfc0,0x00000000f2600000)
  to   space 223232K, 0% used [0x00000000f2600000,0x00000000f2600000,0x0000000100000000)
 ParOldGen       total 1032192K, used 721083K [0x0000000085600000, 0x00000000c4600000, 0x00000000d7200000)
  object space 1032192K, 69% used [0x0000000085600000,0x00000000b162edc0,0x00000000c4600000)
 Metaspace       used 5212K, capacity 5334K, committed 5504K, reserved 1056768K
  class space    used 586K, capacity 629K, committed 640K, reserved 1048576K
Event: 8,410 GC heap after
Heap after GC invocations=21 (full 5):
 PSYoungGen      total 446464K, used 80064K [0x00000000d7200000, 0x0000000100000000, 0x0000000100000000)
  eden space 223232K, 0% used [0x00000000d7200000,0x00000000d7200000,0x00000000e4c00000)
  from space 223232K, 35% used [0x00000000f2600000,0x00000000f7430020,0x0000000100000000)
  to   space 223232K, 0% used [0x00000000e4c00000,0x00000000e4c00000,0x00000000f2600000)
 ParOldGen       total 1032192K, used 787963K [0x0000000085600000, 0x00000000c4600000, 0x00000000d7200000)
  object space 1032192K, 76% used [0x0000000085600000,0x00000000b577edc0,0x00000000c4600000)
 Metaspace       used 5212K, capacity 5334K, committed 5504K, reserved 1056768K
  class space    used 586K, capacity 629K, committed 640K, reserved 1048576K
}
Event: 8,592 GC heap before
{Heap before GC invocations=22 (full 5):
 PSYoungGen      total 446464K, used 303296K [0x00000000d7200000, 0x0000000100000000, 0x0000000100000000)
  eden space 223232K, 100% used [0x00000000d7200000,0x00000000e4c00000,0x00000000e4c00000)
  from space 223232K, 35% used [0x00000000f2600000,0x00000000f7430020,0x0000000100000000)
  to   space 223232K, 0% used [0x00000000e4c00000,0x00000000e4c00000,0x00000000f2600000)
 ParOldGen       total 1032192K, used 787963K [0x0000000085600000, 0x00000000c4600000, 0x00000000d7200000)
  object space 1032192K, 76% used [0x0000000085600000,0x00000000b577edc0,0x00000000c4600000)
 Metaspace       used 5212K, capacity 5334K, committed 5504K, reserved 1056768K
  class space    used 586K, capacity 629K, committed 640K, reserved 1048576K
Event: 8,697 GC heap after
Heap after GC invocations=22 (full 5):
 PSYoungGen      total 446464K, used 68704K [0x00000000d7200000, 0x0000000100000000, 0x0000000100000000)
  eden space 223232K, 0% used [0x00000000d7200000,0x00000000d7200000,0x00000000e4c00000)
  from space 223232K, 30% used [0x00000000e4c00000,0x00000000e8f18000,0x00000000f2600000)
  to   space 223232K, 0% used [0x00000000f2600000,0x00000000f2600000,0x0000000100000000)
 ParOldGen       total 1032192K, used 868227K [0x0000000085600000, 0x00000000c4600000, 0x00000000d7200000)
  object space 1032192K, 84% used [0x0000000085600000,0x00000000ba5e0de0,0x00000000c4600000)
 Metaspace       used 5212K, capacity 5334K, committed 5504K, reserved 1056768K
  class space    used 586K, capacity 629K, committed 640K, reserved 1048576K
}
Event: 8,878 GC heap before
{Heap before GC invocations=23 (full 5):
 PSYoungGen      total 446464K, used 291936K [0x00000000d7200000, 0x0000000100000000, 0x0000000100000000)
  eden space 223232K, 100% used [0x00000000d7200000,0x00000000e4c00000,0x00000000e4c00000)
  from space 223232K, 30% used [0x00000000e4c00000,0x00000000e8f18000,0x00000000f2600000)
  to   space 223232K, 0% used [0x00000000f2600000,0x00000000f2600000,0x0000000100000000)
 ParOldGen       total 1032192K, used 868227K [0x0000000085600000, 0x00000000c4600000, 0x00000000d7200000)
  object space 1032192K, 84% used [0x0000000085600000,0x00000000ba5e0de0,0x00000000c4600000)
 Metaspace       used 5212K, capacity 5334K, committed 5504K, reserved 1056768K
  class space    used 586K, capacity 629K, committed 640K, reserved 1048576K
Event: 9,009 GC heap after
Heap after GC invocations=23 (full 5):
 PSYoungGen      total 446464K, used 68704K [0x00000000d7200000, 0x0000000100000000, 0x0000000100000000)
  eden space 223232K, 0% used [0x00000000d7200000,0x00000000d7200000,0x00000000e4c00000)
  from space 223232K, 30% used [0x00000000f2600000,0x00000000f6918000,0x0000000100000000)
  to   space 223232K, 0% used [0x00000000e4c00000,0x00000000e4c00000,0x00000000f2600000)
 ParOldGen       total 1032192K, used 937155K [0x0000000085600000, 0x00000000c4600000, 0x00000000d7200000)
  object space 1032192K, 90% used [0x0000000085600000,0x00000000be930de0,0x00000000c4600000)
 Metaspace       used 5212K, capacity 5334K, committed 5504K, reserved 1056768K
  class space    used 586K, capacity 629K, committed 640K, reserved 1048576K
}
Event: 9,009 GC heap before
{Heap before GC invocations=24 (full 6):
 PSYoungGen      total 446464K, used 68704K [0x00000000d7200000, 0x0000000100000000, 0x0000000100000000)
  eden space 223232K, 0% used [0x00000000d7200000,0x00000000d7200000,0x00000000e4c00000)
  from space 223232K, 30% used [0x00000000f2600000,0x00000000f6918000,0x0000000100000000)
  to   space 223232K, 0% used [0x00000000e4c00000,0x00000000e4c00000,0x00000000f2600000)
 ParOldGen       total 1032192K, used 937155K [0x0000000085600000, 0x00000000c4600000, 0x00000000d7200000)
  object space 1032192K, 90% used [0x0000000085600000,0x00000000be930de0,0x00000000c4600000)
 Metaspace       used 5212K, capacity 5334K, committed 5504K, reserved 1056768K
  class space    used 586K, capacity 629K, committed 640K, reserved 1048576K

